<?xml version="1.0" encoding="UTF-8"?>
<!-- Generated by org.testng.reporters.JUnitXMLReporter -->
<testsuite hostname="LAPTOP-PBBKU92M" name="Scenario" tests="1" failures="1" timestamp="28 Oct 2019 20:08:57 GMT" time="23.42" errors="0">
  <testcase name="feature" time="22.298" classname="runner.RunCuke">
    <failure type="cucumber.runtime.CucumberException" message="java.lang.UnsupportedOperationException: You may only deselect options of a multi-select">
      <![CDATA[cucumber.runtime.CucumberException: java.lang.UnsupportedOperationException: You may only deselect options of a multi-select
	at cucumber.api.testng.TestNGCucumberRunner.runCucumber(TestNGCucumberRunner.java:69)
	at cucumber.api.testng.AbstractTestNGCucumberTests.feature(AbstractTestNGCucumberTests.java:21)
Caused by: java.lang.UnsupportedOperationException: You may only deselect options of a multi-select
	at org.openqa.selenium.support.ui.Select.deselectByVisibleText(Select.java:294)
	at pages.actions.CarsSearchByPageActions.selectAnyMakeDrowdown(CarsSearchByPageActions.java:26)
	at steps.SearchCarSteps.select_Carbrand_from_AnyMake_dropdwon(SearchCarSteps.java:49)
	at ✽.And Select Carbrand "BMW" from AnyMake dropdwon(C:/Users/kpott/SeleniumAutomatiom/cucumberPageObjectModel/src/test/resources/features/SearchCars.feature:15)
... Removed 24 stack frames]]>
    </failure>
  </testcase> <!-- feature -->
</testsuite> <!-- Scenario -->
