<?xml version="1.0" encoding="UTF-8"?>
<testng-results skipped="0" failed="0" total="1" passed="1">
  <reporter-output>
  </reporter-output>
  <suite name="HBI Testing Framework" duration-ms="48428" started-at="2019-11-12T16:36:58Z" finished-at="2019-11-12T16:37:46Z">
    <groups>
      <group name="cucumber">
        <method signature="AbstractTestNGCucumberTests.feature(cucumber.api.testng.CucumberFeatureWrapper)[pri:0, instance:runner.RunCuke@3551a94]" name="feature" class="cucumber.api.testng.AbstractTestNGCucumberTests"/>
      </group> <!-- cucumber -->
    </groups>
    <test name="Scenario" duration-ms="48428" started-at="2019-11-12T16:36:58Z" finished-at="2019-11-12T16:37:46Z">
      <class name="runner.RunCuke">
        <test-method status="PASS" signature="setUpClass()[pri:0, instance:runner.RunCuke@3551a94]" name="setUpClass" is-config="true" duration-ms="414" started-at="2019-11-12T22:06:58Z" finished-at="2019-11-12T22:06:58Z">
          <reporter-output>
          </reporter-output>
        </test-method> <!-- setUpClass -->
        <test-method status="PASS" signature="setup()[pri:0, instance:runner.RunCuke@3551a94]" name="setup" is-config="true" duration-ms="172" started-at="2019-11-12T22:06:58Z" finished-at="2019-11-12T22:06:58Z">
          <reporter-output>
          </reporter-output>
        </test-method> <!-- setup -->
        <test-method status="PASS" signature="feature(cucumber.api.testng.CucumberFeatureWrapper)[pri:0, instance:runner.RunCuke@3551a94]" name="feature" duration-ms="47516" started-at="2019-11-12T22:06:59Z" description="Runs Cucumber Feature" data-provider="features" finished-at="2019-11-12T22:07:46Z">
          <params>
            <param index="0">
              <value>
                <![CDATA[Acceptance testing to validate search cars page is working]]>
              </value>
            </param>
          </params>
          <reporter-output>
          </reporter-output>
        </test-method> <!-- feature -->
        <test-method status="PASS" signature="tearDownClass()[pri:0, instance:runner.RunCuke@3551a94]" name="tearDownClass" is-config="true" duration-ms="157" started-at="2019-11-12T22:07:46Z" finished-at="2019-11-12T22:07:46Z">
          <reporter-output>
          </reporter-output>
        </test-method> <!-- tearDownClass -->
      </class> <!-- runner.RunCuke -->
    </test> <!-- Scenario -->
  </suite> <!-- HBI Testing Framework -->
</testng-results>
