<?xml version="1.0" encoding="UTF-8"?>
<!-- Generated by org.testng.reporters.JUnitReportReporter -->
<testsuite hostname="LAPTOP-PBBKU92M" name="runner.RunCuke" tests="1" failures="0" timestamp="28 Oct 2019 20:08:57 GMT" time="22.298" errors="1">
  <testcase name="feature" time="22.298" classname="runner.RunCuke">
    <error type="cucumber.runtime.CucumberException" message="java.lang.UnsupportedOperationException: You may only deselect options of a multi-select">
      <![CDATA[cucumber.runtime.CucumberException: java.lang.UnsupportedOperationException: You may only deselect options of a multi-select
	at cucumber.api.testng.TestNGCucumberRunner.runCucumber(TestNGCucumberRunner.java:69)
	at cucumber.api.testng.AbstractTestNGCucumberTests.feature(AbstractTestNGCucumberTests.java:21)
	at sun.reflect.NativeMethodAccessorImpl.invoke0(Native Method)
	at sun.reflect.NativeMethodAccessorImpl.invoke(NativeMethodAccessorImpl.java:62)
	at sun.reflect.DelegatingMethodAccessorImpl.invoke(DelegatingMethodAccessorImpl.java:43)
	at java.lang.reflect.Method.invoke(Method.java:498)
	at org.testng.internal.MethodInvocationHelper.invokeMethod(MethodInvocationHelper.java:86)
	at org.testng.internal.Invoker.invokeMethod(Invoker.java:643)
	at org.testng.internal.Invoker.invokeTestMethod(Invoker.java:820)
	at org.testng.internal.Invoker.invokeTestMethods(Invoker.java:1128)
	at org.testng.internal.TestMethodWorker.invokeTestMethods(TestMethodWorker.java:129)
	at org.testng.internal.TestMethodWorker.run(TestMethodWorker.java:112)
	at org.testng.TestRunner.privateRun(TestRunner.java:782)
	at org.testng.TestRunner.run(TestRunner.java:632)
	at org.testng.SuiteRunner.runTest(SuiteRunner.java:366)
	at org.testng.SuiteRunner.runSequentially(SuiteRunner.java:361)
	at org.testng.SuiteRunner.privateRun(SuiteRunner.java:319)
	at org.testng.SuiteRunner.run(SuiteRunner.java:268)
	at org.testng.SuiteRunnerWorker.runSuite(SuiteRunnerWorker.java:52)
	at org.testng.SuiteRunnerWorker.run(SuiteRunnerWorker.java:86)
	at org.testng.TestNG.runSuitesSequentially(TestNG.java:1244)
	at org.testng.TestNG.runSuitesLocally(TestNG.java:1169)
	at org.testng.TestNG.run(TestNG.java:1064)
	at org.testng.remote.AbstractRemoteTestNG.run(AbstractRemoteTestNG.java:114)
	at org.testng.remote.RemoteTestNG.initAndRun(RemoteTestNG.java:251)
	at org.testng.remote.RemoteTestNG.main(RemoteTestNG.java:77)
Caused by: java.lang.UnsupportedOperationException: You may only deselect options of a multi-select
	at org.openqa.selenium.support.ui.Select.deselectByVisibleText(Select.java:294)
	at pages.actions.CarsSearchByPageActions.selectAnyMakeDrowdown(CarsSearchByPageActions.java:26)
	at steps.SearchCarSteps.select_Carbrand_from_AnyMake_dropdwon(SearchCarSteps.java:49)
	at ✽.And Select Carbrand "BMW" from AnyMake dropdwon(C:/Users/kpott/SeleniumAutomatiom/cucumberPageObjectModel/src/test/resources/features/SearchCars.feature:15)
]]>
    </error>
  </testcase> <!-- feature -->
</testsuite> <!-- runner.RunCuke -->
